Start testing: Dec 10 15:03 CET
----------------------------------------------------------
1/14 Testing: test-creat-ChiffreEnLettre[valgrind]
1/14 Test: test-creat-ChiffreEnLettre[valgrind]
Command: "/usr/bin/valgrind" "--leak-check=full" "--quiet" "--error-exitcode=1" "./test-creat-ChiffreEnLettre"
Directory: /home/aymeric/code/C/Projet_Dilacte_Conversion/code/build/chiffreEnLettre
"test-creat-ChiffreEnLettre[valgrind]" start time: Dec 10 15:03 CET
Output:
----------------------------------------------------------
==15929== Invalid write of size 8
==15929==    at 0x484918A: _fill (in /home/aymeric/code/C/Projet_Dilacte_Conversion/code/build/chiffreEnLettre/libchiffreEnLettre.so)
==15929==    by 0x48491D3: chiffreEnLettre_create_full (in /home/aymeric/code/C/Projet_Dilacte_Conversion/code/build/chiffreEnLettre/libchiffreEnLettre.so)
==15929==    by 0x109197: main (in /home/aymeric/code/C/Projet_Dilacte_Conversion/code/build/chiffreEnLettre/test-creat-ChiffreEnLettre)
==15929==  Address 0x4a4e048 is 0 bytes after a block of size 8 alloc'd
==15929==    at 0x483A77F: malloc (vg_replace_malloc.c:307)
==15929==    by 0x48491B3: chiffreEnLettre_create_full (in /home/aymeric/code/C/Projet_Dilacte_Conversion/code/build/chiffreEnLettre/libchiffreEnLettre.so)
==15929==    by 0x109197: main (in /home/aymeric/code/C/Projet_Dilacte_Conversion/code/build/chiffreEnLettre/test-creat-ChiffreEnLettre)
==15929== 
==15929== Invalid read of size 8
==15929==    at 0x1091D6: main (in /home/aymeric/code/C/Projet_Dilacte_Conversion/code/build/chiffreEnLettre/test-creat-ChiffreEnLettre)
==15929==  Address 0x4a4e048 is 0 bytes after a block of size 8 alloc'd
==15929==    at 0x483A77F: malloc (vg_replace_malloc.c:307)
==15929==    by 0x48491B3: chiffreEnLettre_create_full (in /home/aymeric/code/C/Projet_Dilacte_Conversion/code/build/chiffreEnLettre/libchiffreEnLettre.so)
==15929==    by 0x109197: main (in /home/aymeric/code/C/Projet_Dilacte_Conversion/code/build/chiffreEnLettre/test-creat-ChiffreEnLettre)
==15929== 
Test du nombre réussie
Test du mot réussie
Structure détruite
<end of output>
Test time =   0.34 sec
----------------------------------------------------------
Test Failed.
"test-creat-ChiffreEnLettre[valgrind]" end time: Dec 10 15:03 CET
"test-creat-ChiffreEnLettre[valgrind]" time elapsed: 00:00:00
----------------------------------------------------------

2/14 Testing: test-creat-ChiffreEnLettre[normal]
2/14 Test: test-creat-ChiffreEnLettre[normal]
Command: "/home/aymeric/code/C/Projet_Dilacte_Conversion/code/build/chiffreEnLettre/test-creat-ChiffreEnLettre"
Directory: /home/aymeric/code/C/Projet_Dilacte_Conversion/code/build/chiffreEnLettre
"test-creat-ChiffreEnLettre[normal]" start time: Dec 10 15:03 CET
Output:
----------------------------------------------------------
Test du nombre réussie
Test du mot réussie
Structure détruite
<end of output>
Test time =   0.00 sec
----------------------------------------------------------
Test Passed.
"test-creat-ChiffreEnLettre[normal]" end time: Dec 10 15:03 CET
"test-creat-ChiffreEnLettre[normal]" time elapsed: 00:00:00
----------------------------------------------------------

3/14 Testing: test-get-ChiffreEnLettre[valgrind]
3/14 Test: test-get-ChiffreEnLettre[valgrind]
Command: "/usr/bin/valgrind" "--leak-check=full" "--quiet" "--error-exitcode=1" "./test-get-ChiffreEnLettre"
Directory: /home/aymeric/code/C/Projet_Dilacte_Conversion/code/build/chiffreEnLettre
"test-get-ChiffreEnLettre[valgrind]" start time: Dec 10 15:03 CET
Output:
----------------------------------------------------------
==15931== Invalid write of size 8
==15931==    at 0x484918A: _fill (in /home/aymeric/code/C/Projet_Dilacte_Conversion/code/build/chiffreEnLettre/libchiffreEnLettre.so)
==15931==    by 0x48491D3: chiffreEnLettre_create_full (in /home/aymeric/code/C/Projet_Dilacte_Conversion/code/build/chiffreEnLettre/libchiffreEnLettre.so)
==15931==    by 0x1091A1: main (in /home/aymeric/code/C/Projet_Dilacte_Conversion/code/build/chiffreEnLettre/test-get-ChiffreEnLettre)
==15931==  Address 0x4a4e048 is 0 bytes after a block of size 8 alloc'd
==15931==    at 0x483A77F: malloc (vg_replace_malloc.c:307)
==15931==    by 0x48491B3: chiffreEnLettre_create_full (in /home/aymeric/code/C/Projet_Dilacte_Conversion/code/build/chiffreEnLettre/libchiffreEnLettre.so)
==15931==    by 0x1091A1: main (in /home/aymeric/code/C/Projet_Dilacte_Conversion/code/build/chiffreEnLettre/test-get-ChiffreEnLettre)
==15931== 
==15931== Invalid read of size 8
==15931==    at 0x4849137: chiffreEnLettre_get_mot (in /home/aymeric/code/C/Projet_Dilacte_Conversion/code/build/chiffreEnLettre/libchiffreEnLettre.so)
==15931==    by 0x1091DC: main (in /home/aymeric/code/C/Projet_Dilacte_Conversion/code/build/chiffreEnLettre/test-get-ChiffreEnLettre)
==15931==  Address 0x4a4e048 is 0 bytes after a block of size 8 alloc'd
==15931==    at 0x483A77F: malloc (vg_replace_malloc.c:307)
==15931==    by 0x48491B3: chiffreEnLettre_create_full (in /home/aymeric/code/C/Projet_Dilacte_Conversion/code/build/chiffreEnLettre/libchiffreEnLettre.so)
==15931==    by 0x1091A1: main (in /home/aymeric/code/C/Projet_Dilacte_Conversion/code/build/chiffreEnLettre/test-get-ChiffreEnLettre)
==15931== 
nombre : 4
Test get mot résussie
mot : test
Test get nombre réussie
<end of output>
Test time =   0.34 sec
----------------------------------------------------------
Test Failed.
"test-get-ChiffreEnLettre[valgrind]" end time: Dec 10 15:03 CET
"test-get-ChiffreEnLettre[valgrind]" time elapsed: 00:00:00
----------------------------------------------------------

4/14 Testing: test-get-ChiffreEnLettre[normal]
4/14 Test: test-get-ChiffreEnLettre[normal]
Command: "/home/aymeric/code/C/Projet_Dilacte_Conversion/code/build/chiffreEnLettre/test-get-ChiffreEnLettre"
Directory: /home/aymeric/code/C/Projet_Dilacte_Conversion/code/build/chiffreEnLettre
"test-get-ChiffreEnLettre[normal]" start time: Dec 10 15:03 CET
Output:
----------------------------------------------------------
nombre : 4
Test get mot résussie
mot : test
Test get nombre réussie
<end of output>
Test time =   0.00 sec
----------------------------------------------------------
Test Passed.
"test-get-ChiffreEnLettre[normal]" end time: Dec 10 15:03 CET
"test-get-ChiffreEnLettre[normal]" time elapsed: 00:00:00
----------------------------------------------------------

5/14 Testing: test-my_strcat[valgrind]
5/14 Test: test-my_strcat[valgrind]
Command: "/usr/bin/valgrind" "--leak-check=full" "--quiet" "--error-exitcode=1" "./test-my_strcat"
Directory: /home/aymeric/code/C/Projet_Dilacte_Conversion/code/build/utils
"test-my_strcat[valgrind]" start time: Dec 10 15:03 CET
Output:
----------------------------------------------------------
==15934== 
==15934== Process terminating with default action of signal 11 (SIGSEGV): dumping core
==15934==  Bad permissions for mapped region at address 0x10A007
==15934==    at 0x484914D: my_strcat (in /home/aymeric/code/C/Projet_Dilacte_Conversion/code/build/utils/libutils.so)
==15934==    by 0x109169: main (in /home/aymeric/code/C/Projet_Dilacte_Conversion/code/build/utils/test-my_strcat)
<end of output>
Test time =   0.38 sec
----------------------------------------------------------
Test Failed.
"test-my_strcat[valgrind]" end time: Dec 10 15:03 CET
"test-my_strcat[valgrind]" time elapsed: 00:00:00
----------------------------------------------------------

6/14 Testing: test-my_strcat[normal]
6/14 Test: test-my_strcat[normal]
Command: "/home/aymeric/code/C/Projet_Dilacte_Conversion/code/build/utils/test-my_strcat"
Directory: /home/aymeric/code/C/Projet_Dilacte_Conversion/code/build/utils
"test-my_strcat[normal]" start time: Dec 10 15:03 CET
Output:
----------------------------------------------------------
<end of output>
Test time =   0.59 sec
----------------------------------------------------------
Test Failed.
"test-my_strcat[normal]" end time: Dec 10 15:03 CET
"test-my_strcat[normal]" time elapsed: 00:00:00
----------------------------------------------------------

7/14 Testing: test-mystrcmp[valgrind]
7/14 Test: test-mystrcmp[valgrind]
Command: "/usr/bin/valgrind" "--leak-check=full" "--quiet" "--error-exitcode=1" "./test-mystrcmp"
Directory: /home/aymeric/code/C/Projet_Dilacte_Conversion/code/build/utils
"test-mystrcmp[valgrind]" start time: Dec 10 15:03 CET
Output:
----------------------------------------------------------
Passage du premier test entre 'moi'et 'lui'
test bool : 1 
Passage du second test entre 'moi' et 'moi'
test bool : 0 
<end of output>
Test time =   0.37 sec
----------------------------------------------------------
Test Passed.
"test-mystrcmp[valgrind]" end time: Dec 10 15:03 CET
"test-mystrcmp[valgrind]" time elapsed: 00:00:00
----------------------------------------------------------

8/14 Testing: test-mystrcmp[normal]
8/14 Test: test-mystrcmp[normal]
Command: "/home/aymeric/code/C/Projet_Dilacte_Conversion/code/build/utils/test-mystrcmp"
Directory: /home/aymeric/code/C/Projet_Dilacte_Conversion/code/build/utils
"test-mystrcmp[normal]" start time: Dec 10 15:03 CET
Output:
----------------------------------------------------------
Passage du premier test entre 'moi'et 'lui'
test bool : 1 
Passage du second test entre 'moi' et 'moi'
test bool : 0 
<end of output>
Test time =   0.00 sec
----------------------------------------------------------
Test Passed.
"test-mystrcmp[normal]" end time: Dec 10 15:03 CET
"test-mystrcmp[normal]" time elapsed: 00:00:00
----------------------------------------------------------

9/14 Testing: test-affiche-array[valgrind]
9/14 Test: test-affiche-array[valgrind]
Command: "/usr/bin/valgrind" "--leak-check=full" "--quiet" "--error-exitcode=1" "./test-affiche-array"
Directory: /home/aymeric/code/C/Projet_Dilacte_Conversion/code/build/array
"test-affiche-array[valgrind]" start time: Dec 10 15:03 CET
Output:
----------------------------------------------------------
==15963== Invalid write of size 8
==15963==    at 0x484E124: chiffreEnLettre_set_mot (in /home/aymeric/code/C/Projet_Dilacte_Conversion/code/build/chiffreEnLettre/libchiffreEnLettre.so)
==15963==    by 0x484921E: array_initialisation (in /home/aymeric/code/C/Projet_Dilacte_Conversion/code/build/array/libarray.so)
==15963==    by 0x10918A: main (in /home/aymeric/code/C/Projet_Dilacte_Conversion/code/build/array/test-affiche-array)
==15963==  Address 0x4a53098 is 4 bytes after a block of size 4 alloc'd
==15963==    at 0x483A77F: malloc (vg_replace_malloc.c:307)
==15963==    by 0x48491C8: array_initialisation (in /home/aymeric/code/C/Projet_Dilacte_Conversion/code/build/array/libarray.so)
==15963==    by 0x10918A: main (in /home/aymeric/code/C/Projet_Dilacte_Conversion/code/build/array/test-affiche-array)
==15963== 
==15963== Invalid write of size 8
==15963==    at 0x484E151: chiffreEnLettre_set_suivant (in /home/aymeric/code/C/Projet_Dilacte_Conversion/code/build/chiffreEnLettre/libchiffreEnLettre.so)
==15963==    by 0x484922F: array_initialisation (in /home/aymeric/code/C/Projet_Dilacte_Conversion/code/build/array/libarray.so)
==15963==    by 0x10918A: main (in /home/aymeric/code/C/Projet_Dilacte_Conversion/code/build/array/test-affiche-array)
==15963==  Address 0x4a530a0 is 12 bytes after a block of size 4 alloc'd
==15963==    at 0x483A77F: malloc (vg_replace_malloc.c:307)
==15963==    by 0x48491C8: array_initialisation (in /home/aymeric/code/C/Projet_Dilacte_Conversion/code/build/array/libarray.so)
==15963==    by 0x10918A: main (in /home/aymeric/code/C/Projet_Dilacte_Conversion/code/build/array/test-affiche-array)
==15963== 
==15963== Invalid write of size 8
==15963==    at 0x484E124: chiffreEnLettre_set_mot (in /home/aymeric/code/C/Projet_Dilacte_Conversion/code/build/chiffreEnLettre/libchiffreEnLettre.so)
==15963==    by 0x4849368: array_insertion (in /home/aymeric/code/C/Projet_Dilacte_Conversion/code/build/array/libarray.so)
==15963==    by 0x1091BC: main (in /home/aymeric/code/C/Projet_Dilacte_Conversion/code/build/array/test-affiche-array)
==15963==  Address 0x4a530e8 is 4 bytes after a block of size 4 alloc'd
==15963==    at 0x483A77F: malloc (vg_replace_malloc.c:307)
==15963==    by 0x4849310: array_insertion (in /home/aymeric/code/C/Projet_Dilacte_Conversion/code/build/array/libarray.so)
==15963==    by 0x1091BC: main (in /home/aymeric/code/C/Projet_Dilacte_Conversion/code/build/array/test-affiche-array)
==15963== 
==15963== Invalid write of size 8
==15963==    at 0x484E151: chiffreEnLettre_set_suivant (in /home/aymeric/code/C/Projet_Dilacte_Conversion/code/build/chiffreEnLettre/libchiffreEnLettre.so)
==15963==    by 0x484937E: array_insertion (in /home/aymeric/code/C/Projet_Dilacte_Conversion/code/build/array/libarray.so)
==15963==    by 0x1091BC: main (in /home/aymeric/code/C/Projet_Dilacte_Conversion/code/build/array/test-affiche-array)
==15963==  Address 0x4a530f0 is 12 bytes after a block of size 4 alloc'd
==15963==    at 0x483A77F: malloc (vg_replace_malloc.c:307)
==15963==    by 0x4849310: array_insertion (in /home/aymeric/code/C/Projet_Dilacte_Conversion/code/build/array/libarray.so)
==15963==    by 0x1091BC: main (in /home/aymeric/code/C/Projet_Dilacte_Conversion/code/build/array/test-affiche-array)
==15963== 
==15963== Invalid write of size 8
==15963==    at 0x484E124: chiffreEnLettre_set_mot (in /home/aymeric/code/C/Projet_Dilacte_Conversion/code/build/chiffreEnLettre/libchiffreEnLettre.so)
==15963==    by 0x4849368: array_insertion (in /home/aymeric/code/C/Projet_Dilacte_Conversion/code/build/array/libarray.so)
==15963==    by 0x1091F8: main (in /home/aymeric/code/C/Projet_Dilacte_Conversion/code/build/array/test-affiche-array)
==15963==  Address 0x4a53138 is 4 bytes after a block of size 4 alloc'd
==15963==    at 0x483A77F: malloc (vg_replace_malloc.c:307)
==15963==    by 0x4849310: array_insertion (in /home/aymeric/code/C/Projet_Dilacte_Conversion/code/build/array/libarray.so)
==15963==    by 0x1091F8: main (in /home/aymeric/code/C/Projet_Dilacte_Conversion/code/build/array/test-affiche-array)
==15963== 
==15963== Invalid write of size 8
==15963==    at 0x484E151: chiffreEnLettre_set_suivant (in /home/aymeric/code/C/Projet_Dilacte_Conversion/code/build/chiffreEnLettre/libchiffreEnLettre.so)
==15963==    by 0x484937E: array_insertion (in /home/aymeric/code/C/Projet_Dilacte_Conversion/code/build/array/libarray.so)
==15963==    by 0x1091F8: main (in /home/aymeric/code/C/Projet_Dilacte_Conversion/code/build/array/test-affiche-array)
==15963==  Address 0x4a53140 is 12 bytes after a block of size 4 alloc'd
==15963==    at 0x483A77F: malloc (vg_replace_malloc.c:307)
==15963==    by 0x4849310: array_insertion (in /home/aymeric/code/C/Projet_Dilacte_Conversion/code/build/array/libarray.so)
==15963==    by 0x1091F8: main (in /home/aymeric/code/C/Projet_Dilacte_Conversion/code/build/array/test-affiche-array)
==15963== 
==15963== Invalid write of size 8
==15963==    at 0x484E124: chiffreEnLettre_set_mot (in /home/aymeric/code/C/Projet_Dilacte_Conversion/code/build/chiffreEnLettre/libchiffreEnLettre.so)
==15963==    by 0x4849368: array_insertion (in /home/aymeric/code/C/Projet_Dilacte_Conversion/code/build/array/libarray.so)
==15963==    by 0x109234: main (in /home/aymeric/code/C/Projet_Dilacte_Conversion/code/build/array/test-affiche-array)
==15963==  Address 0x4a53188 is 4 bytes after a block of size 4 alloc'd
==15963==    at 0x483A77F: malloc (vg_replace_malloc.c:307)
==15963==    by 0x4849310: array_insertion (in /home/aymeric/code/C/Projet_Dilacte_Conversion/code/build/array/libarray.so)
==15963==    by 0x109234: main (in /home/aymeric/code/C/Projet_Dilacte_Conversion/code/build/array/test-affiche-array)
==15963== 
==15963== Invalid write of size 8
==15963==    at 0x484E151: chiffreEnLettre_set_suivant (in /home/aymeric/code/C/Projet_Dilacte_Conversion/code/build/chiffreEnLettre/libchiffreEnLettre.so)
==15963==    by 0x484937E: array_insertion (in /home/aymeric/code/C/Projet_Dilacte_Conversion/code/build/array/libarray.so)
==15963==    by 0x109234: main (in /home/aymeric/code/C/Projet_Dilacte_Conversion/code/build/array/test-affiche-array)
==15963==  Address 0x4a53190 is 12 bytes after a block of size 4 alloc'd
==15963==    at 0x483A77F: malloc (vg_replace_malloc.c:307)
==15963==    by 0x4849310: array_insertion (in /home/aymeric/code/C/Projet_Dilacte_Conversion/code/build/array/libarray.so)
==15963==    by 0x109234: main (in /home/aymeric/code/C/Projet_Dilacte_Conversion/code/build/array/test-affiche-array)
==15963== 
==15963== Invalid write of size 8
==15963==    at 0x484E124: chiffreEnLettre_set_mot (in /home/aymeric/code/C/Projet_Dilacte_Conversion/code/build/chiffreEnLettre/libchiffreEnLettre.so)
==15963==    by 0x4849368: array_insertion (in /home/aymeric/code/C/Projet_Dilacte_Conversion/code/build/array/libarray.so)
==15963==    by 0x10926D: main (in /home/aymeric/code/C/Projet_Dilacte_Conversion/code/build/array/test-affiche-array)
==15963==  Address 0x4a531d8 is 4 bytes after a block of size 4 alloc'd
==15963==    at 0x483A77F: malloc (vg_replace_malloc.c:307)
==15963==    by 0x4849310: array_insertion (in /home/aymeric/code/C/Projet_Dilacte_Conversion/code/build/array/libarray.so)
==15963==    by 0x10926D: main (in /home/aymeric/code/C/Projet_Dilacte_Conversion/code/build/array/test-affiche-array)
==15963== 
==15963== Invalid write of size 8
==15963==    at 0x484E151: chiffreEnLettre_set_suivant (in /home/aymeric/code/C/Projet_Dilacte_Conversion/code/build/chiffreEnLettre/libchiffreEnLettre.so)
==15963==    by 0x484937E: array_insertion (in /home/aymeric/code/C/Projet_Dilacte_Conversion/code/build/array/libarray.so)
==15963==    by 0x10926D: main (in /home/aymeric/code/C/Projet_Dilacte_Conversion/code/build/array/test-affiche-array)
==15963==  Address 0x4a531e0 is 12 bytes after a block of size 4 alloc'd
==15963==    at 0x483A77F: malloc (vg_replace_malloc.c:307)
==15963==    by 0x4849310: array_insertion (in /home/aymeric/code/C/Projet_Dilacte_Conversion/code/build/array/libarray.so)
==15963==    by 0x10926D: main (in /home/aymeric/code/C/Projet_Dilacte_Conversion/code/build/array/test-affiche-array)
==15963== 
==15963== Invalid write of size 8
==15963==    at 0x484E124: chiffreEnLettre_set_mot (in /home/aymeric/code/C/Projet_Dilacte_Conversion/code/build/chiffreEnLettre/libchiffreEnLettre.so)
==15963==    by 0x4849368: array_insertion (in /home/aymeric/code/C/Projet_Dilacte_Conversion/code/build/array/libarray.so)
==15963==    by 0x1092A6: main (in /home/aymeric/code/C/Projet_Dilacte_Conversion/code/build/array/test-affiche-array)
==15963==  Address 0x4a53228 is 4 bytes after a block of size 4 alloc'd
==15963==    at 0x483A77F: malloc (vg_replace_malloc.c:307)
==15963==    by 0x4849310: array_insertion (in /home/aymeric/code/C/Projet_Dilacte_Conversion/code/build/array/libarray.so)
==15963==    by 0x1092A6: main (in /home/aymeric/code/C/Projet_Dilacte_Conversion/code/build/array/test-affiche-array)
==15963== 
==15963== Invalid write of size 8
==15963==    at 0x484E151: chiffreEnLettre_set_suivant (in /home/aymeric/code/C/Projet_Dilacte_Conversion/code/build/chiffreEnLettre/libchiffreEnLettre.so)
==15963==    by 0x484937E: array_insertion (in /home/aymeric/code/C/Projet_Dilacte_Conversion/code/build/array/libarray.so)
==15963==    by 0x1092A6: main (in /home/aymeric/code/C/Projet_Dilacte_Conversion/code/build/array/test-affiche-array)
==15963==  Address 0x4a53230 is 12 bytes after a block of size 4 alloc'd
==15963==    at 0x483A77F: malloc (vg_replace_malloc.c:307)
==15963==    by 0x4849310: array_insertion (in /home/aymeric/code/C/Projet_Dilacte_Conversion/code/build/array/libarray.so)
==15963==    by 0x1092A6: main (in /home/aymeric/code/C/Projet_Dilacte_Conversion/code/build/array/test-affiche-array)
==15963== 
==15963== Invalid read of size 8
==15963==    at 0x484E137: chiffreEnLettre_get_mot (in /home/aymeric/code/C/Projet_Dilacte_Conversion/code/build/chiffreEnLettre/libchiffreEnLettre.so)
==15963==    by 0x48493C3: array_affiche (in /home/aymeric/code/C/Projet_Dilacte_Conversion/code/build/array/libarray.so)
==15963==    by 0x1092D6: main (in /home/aymeric/code/C/Projet_Dilacte_Conversion/code/build/array/test-affiche-array)
==15963==  Address 0x4a53228 is 4 bytes after a block of size 4 alloc'd
==15963==    at 0x483A77F: malloc (vg_replace_malloc.c:307)
==15963==    by 0x4849310: array_insertion (in /home/aymeric/code/C/Projet_Dilacte_Conversion/code/build/array/libarray.so)
==15963==    by 0x1092A6: main (in /home/aymeric/code/C/Projet_Dilacte_Conversion/code/build/array/test-affiche-array)
==15963== 
==15963== Invalid read of size 8
==15963==    at 0x484E164: chiffreEnLettre_get_suivant (in /home/aymeric/code/C/Projet_Dilacte_Conversion/code/build/chiffreEnLettre/libchiffreEnLettre.so)
==15963==    by 0x48493F4: array_affiche (in /home/aymeric/code/C/Projet_Dilacte_Conversion/code/build/array/libarray.so)
==15963==    by 0x1092D6: main (in /home/aymeric/code/C/Projet_Dilacte_Conversion/code/build/array/test-affiche-array)
==15963==  Address 0x4a53230 is 12 bytes after a block of size 4 alloc'd
==15963==    at 0x483A77F: malloc (vg_replace_malloc.c:307)
==15963==    by 0x4849310: array_insertion (in /home/aymeric/code/C/Projet_Dilacte_Conversion/code/build/array/libarray.so)
==15963==    by 0x1092A6: main (in /home/aymeric/code/C/Projet_Dilacte_Conversion/code/build/array/test-affiche-array)
==15963== 
==15963== Invalid read of size 8
==15963==    at 0x484E164: chiffreEnLettre_get_suivant (in /home/aymeric/code/C/Projet_Dilacte_Conversion/code/build/chiffreEnLettre/libchiffreEnLettre.so)
==15963==    by 0x4849282: array_destroy (in /home/aymeric/code/C/Projet_Dilacte_Conversion/code/build/array/libarray.so)
==15963==    by 0x1092E2: main (in /home/aymeric/code/C/Projet_Dilacte_Conversion/code/build/array/test-affiche-array)
==15963==  Address 0x4a53230 is 12 bytes after a block of size 4 free'd
==15963==    at 0x483B9AB: free (vg_replace_malloc.c:538)
==15963==    by 0x484E1FB: chiffreEnLettre_destroy (in /home/aymeric/code/C/Projet_Dilacte_Conversion/code/build/chiffreEnLettre/libchiffreEnLettre.so)
==15963==    by 0x4849276: array_destroy (in /home/aymeric/code/C/Projet_Dilacte_Conversion/code/build/array/libarray.so)
==15963==    by 0x1092E2: main (in /home/aymeric/code/C/Projet_Dilacte_Conversion/code/build/array/test-affiche-array)
==15963==  Block was alloc'd at
==15963==    at 0x483A77F: malloc (vg_replace_malloc.c:307)
==15963==    by 0x4849310: array_insertion (in /home/aymeric/code/C/Projet_Dilacte_Conversion/code/build/array/libarray.so)
==15963==    by 0x1092A6: main (in /home/aymeric/code/C/Projet_Dilacte_Conversion/code/build/array/test-affiche-array)
==15963== 
nombre : 1000 mot :mille
nombre : 100 mot :cent
nombre : 16 mot :seize
nombre : 15 mot :quinze
nombre : 10 mot :dix
nombre : -1 mot :(null)
<end of output>
Test time =   0.34 sec
----------------------------------------------------------
Test Failed.
"test-affiche-array[valgrind]" end time: Dec 10 15:03 CET
"test-affiche-array[valgrind]" time elapsed: 00:00:00
----------------------------------------------------------

10/14 Testing: test-affiche-array[normal]
10/14 Test: test-affiche-array[normal]
Command: "/home/aymeric/code/C/Projet_Dilacte_Conversion/code/build/array/test-affiche-array"
Directory: /home/aymeric/code/C/Projet_Dilacte_Conversion/code/build/array
"test-affiche-array[normal]" start time: Dec 10 15:03 CET
Output:
----------------------------------------------------------
nombre : 1000 mot :mille
nombre : 100 mot :cent
nombre : 16 mot :seize
nombre : 15 mot :quinze
nombre : 10 mot :dix
nombre : -1 mot :(null)
<end of output>
Test time =   0.00 sec
----------------------------------------------------------
Test Passed.
"test-affiche-array[normal]" end time: Dec 10 15:03 CET
"test-affiche-array[normal]" time elapsed: 00:00:00
----------------------------------------------------------

11/14 Testing: test-creat-array[valgrind]
11/14 Test: test-creat-array[valgrind]
Command: "/usr/bin/valgrind" "--leak-check=full" "--quiet" "--error-exitcode=1" "./test-creat-array"
Directory: /home/aymeric/code/C/Projet_Dilacte_Conversion/code/build/array
"test-creat-array[valgrind]" start time: Dec 10 15:03 CET
Output:
----------------------------------------------------------
==15967== Invalid write of size 8
==15967==    at 0x484E124: chiffreEnLettre_set_mot (in /home/aymeric/code/C/Projet_Dilacte_Conversion/code/build/chiffreEnLettre/libchiffreEnLettre.so)
==15967==    by 0x484921E: array_initialisation (in /home/aymeric/code/C/Projet_Dilacte_Conversion/code/build/array/libarray.so)
==15967==    by 0x10919A: main (in /home/aymeric/code/C/Projet_Dilacte_Conversion/code/build/array/test-creat-array)
==15967==  Address 0x4a53098 is 4 bytes after a block of size 4 alloc'd
==15967==    at 0x483A77F: malloc (vg_replace_malloc.c:307)
==15967==    by 0x48491C8: array_initialisation (in /home/aymeric/code/C/Projet_Dilacte_Conversion/code/build/array/libarray.so)
==15967==    by 0x10919A: main (in /home/aymeric/code/C/Projet_Dilacte_Conversion/code/build/array/test-creat-array)
==15967== 
==15967== Invalid write of size 8
==15967==    at 0x484E151: chiffreEnLettre_set_suivant (in /home/aymeric/code/C/Projet_Dilacte_Conversion/code/build/chiffreEnLettre/libchiffreEnLettre.so)
==15967==    by 0x484922F: array_initialisation (in /home/aymeric/code/C/Projet_Dilacte_Conversion/code/build/array/libarray.so)
==15967==    by 0x10919A: main (in /home/aymeric/code/C/Projet_Dilacte_Conversion/code/build/array/test-creat-array)
==15967==  Address 0x4a530a0 is 12 bytes after a block of size 4 alloc'd
==15967==    at 0x483A77F: malloc (vg_replace_malloc.c:307)
==15967==    by 0x48491C8: array_initialisation (in /home/aymeric/code/C/Projet_Dilacte_Conversion/code/build/array/libarray.so)
==15967==    by 0x10919A: main (in /home/aymeric/code/C/Projet_Dilacte_Conversion/code/build/array/test-creat-array)
==15967== 
==15967== Invalid read of size 8
==15967==    at 0x484E164: chiffreEnLettre_get_suivant (in /home/aymeric/code/C/Projet_Dilacte_Conversion/code/build/chiffreEnLettre/libchiffreEnLettre.so)
==15967==    by 0x1091CF: main (in /home/aymeric/code/C/Projet_Dilacte_Conversion/code/build/array/test-creat-array)
==15967==  Address 0x4a530a0 is 12 bytes after a block of size 4 alloc'd
==15967==    at 0x483A77F: malloc (vg_replace_malloc.c:307)
==15967==    by 0x48491C8: array_initialisation (in /home/aymeric/code/C/Projet_Dilacte_Conversion/code/build/array/libarray.so)
==15967==    by 0x10919A: main (in /home/aymeric/code/C/Projet_Dilacte_Conversion/code/build/array/test-creat-array)
==15967== 
-1
==15967== 4 bytes in 1 blocks are definitely lost in loss record 1 of 1
==15967==    at 0x483A77F: malloc (vg_replace_malloc.c:307)
==15967==    by 0x48491C8: array_initialisation (in /home/aymeric/code/C/Projet_Dilacte_Conversion/code/build/array/libarray.so)
==15967==    by 0x10919A: main (in /home/aymeric/code/C/Projet_Dilacte_Conversion/code/build/array/test-creat-array)
==15967== 
<end of output>
Test time =   0.37 sec
----------------------------------------------------------
Test Failed.
"test-creat-array[valgrind]" end time: Dec 10 15:03 CET
"test-creat-array[valgrind]" time elapsed: 00:00:00
----------------------------------------------------------

12/14 Testing: test-creat-array[normal]
12/14 Test: test-creat-array[normal]
Command: "/home/aymeric/code/C/Projet_Dilacte_Conversion/code/build/array/test-creat-array"
Directory: /home/aymeric/code/C/Projet_Dilacte_Conversion/code/build/array
"test-creat-array[normal]" start time: Dec 10 15:03 CET
Output:
----------------------------------------------------------
-1
<end of output>
Test time =   0.00 sec
----------------------------------------------------------
Test Passed.
"test-creat-array[normal]" end time: Dec 10 15:03 CET
"test-creat-array[normal]" time elapsed: 00:00:00
----------------------------------------------------------

13/14 Testing: test-get-array[valgrind]
13/14 Test: test-get-array[valgrind]
Command: "/usr/bin/valgrind" "--leak-check=full" "--quiet" "--error-exitcode=1" "./test-get-array"
Directory: /home/aymeric/code/C/Projet_Dilacte_Conversion/code/build/array
"test-get-array[valgrind]" start time: Dec 10 15:03 CET
Output:
----------------------------------------------------------
<end of output>
Test time =   0.33 sec
----------------------------------------------------------
Test Passed.
"test-get-array[valgrind]" end time: Dec 10 15:03 CET
"test-get-array[valgrind]" time elapsed: 00:00:00
----------------------------------------------------------

14/14 Testing: test-get-array[normal]
14/14 Test: test-get-array[normal]
Command: "/home/aymeric/code/C/Projet_Dilacte_Conversion/code/build/array/test-get-array"
Directory: /home/aymeric/code/C/Projet_Dilacte_Conversion/code/build/array
"test-get-array[normal]" start time: Dec 10 15:03 CET
Output:
----------------------------------------------------------
<end of output>
Test time =   0.00 sec
----------------------------------------------------------
Test Passed.
"test-get-array[normal]" end time: Dec 10 15:03 CET
"test-get-array[normal]" time elapsed: 00:00:00
----------------------------------------------------------

End testing: Dec 10 15:03 CET
